0 info it worked if it ends with ok
1 verbose cli [ 'C:\\Program Files\\nodejs\\node.exe',
1 verbose cli   'C:\\Program Files\\nodejs\\node_modules\\npm\\bin\\npm-cli.js',
1 verbose cli   'install',
1 verbose cli   'live-server' ]
2 info using npm@2.15.1
3 info using node@v4.4.4
4 verbose install initial load of E:\Executaveis liberados\candy-rain-master\package.json
5 verbose installManyTop reading scoped package data from E:\Executaveis liberados\candy-rain-master\node_modules\bootstrap\package.json
6 verbose installManyTop reading scoped package data from E:\Executaveis liberados\candy-rain-master\node_modules\jquery\package.json
7 verbose installManyTop reading scoped package data from E:\Executaveis liberados\candy-rain-master\node_modules\popper.js\package.json
8 verbose readDependencies loading dependencies from E:\Executaveis liberados\candy-rain-master\package.json
9 silly cache add args [ 'live-server', null ]
10 verbose cache add spec live-server
11 silly cache add parsed spec Result {
11 silly cache add   raw: 'live-server',
11 silly cache add   scope: null,
11 silly cache add   name: 'live-server',
11 silly cache add   rawSpec: '',
11 silly cache add   spec: 'latest',
11 silly cache add   type: 'tag' }
12 silly addNamed live-server@latest
13 verbose addNamed "latest" is being treated as a dist-tag for live-server
14 info addNameTag [ 'live-server', 'latest' ]
15 silly mapToRegistry name live-server
16 silly mapToRegistry using default registry
17 silly mapToRegistry registry https://registry.npmjs.org/
18 silly mapToRegistry data Result {
18 silly mapToRegistry   raw: 'live-server',
18 silly mapToRegistry   scope: null,
18 silly mapToRegistry   name: 'live-server',
18 silly mapToRegistry   rawSpec: '',
18 silly mapToRegistry   spec: 'latest',
18 silly mapToRegistry   type: 'tag' }
19 silly mapToRegistry uri https://registry.npmjs.org/live-server
20 verbose addNameTag registry:https://registry.npmjs.org/live-server not in flight; fetching
21 verbose request uri https://registry.npmjs.org/live-server
22 verbose request no auth needed
23 info attempt registry request try #1 at 20:26:07
24 verbose request id c2028affabd4614c
25 http request GET https://registry.npmjs.org/live-server
26 info retry will retry, error on last attempt: Error: connect ETIMEDOUT 104.16.22.35:443
27 info attempt registry request try #2 at 20:26:38
28 http request GET https://registry.npmjs.org/live-server
29 info retry will retry, error on last attempt: Error: connect ETIMEDOUT 104.16.22.35:443
30 info attempt registry request try #3 at 20:27:59
31 http request GET https://registry.npmjs.org/live-server
32 verbose stack Error: connect ETIMEDOUT 104.16.27.35:443
32 verbose stack     at Object.exports._errnoException (util.js:870:11)
32 verbose stack     at exports._exceptionWithHostPort (util.js:893:20)
32 verbose stack     at TCPConnectWrap.afterConnect [as oncomplete] (net.js:1061:14)
33 verbose cwd E:\Executaveis liberados\candy-rain-master
34 error Windows_NT 10.0.10586
35 error argv "C:\\Program Files\\nodejs\\node.exe" "C:\\Program Files\\nodejs\\node_modules\\npm\\bin\\npm-cli.js" "install" "live-server"
36 error node v4.4.4
37 error npm  v2.15.1
38 error code ETIMEDOUT
39 error errno ETIMEDOUT
40 error syscall connect
41 error network connect ETIMEDOUT 104.16.27.35:443
41 error network This is most likely not a problem with npm itself
41 error network and is related to network connectivity.
41 error network In most cases you are behind a proxy or have bad network settings.
41 error network
41 error network If you are behind a proxy, please make sure that the
41 error network 'proxy' config is set properly.  See: 'npm help config'
42 verbose exit [ 1, true ]
